[debug] [2023-03-03T12:15:37.271Z] ----------------------------------------------------------------------
[debug] [2023-03-03T12:15:37.273Z] Command:       C:\Program Files\nodejs\node.exe C:\Users\pavan\AppData\Roaming\npm\node_modules\firebase-tools\lib\bin\firebase.js init
[debug] [2023-03-03T12:15:37.274Z] CLI Version:   11.24.0
[debug] [2023-03-03T12:15:37.274Z] Platform:      win32
[debug] [2023-03-03T12:15:37.274Z] Node Version:  v18.12.1
[debug] [2023-03-03T12:15:37.275Z] Time:          Fri Mar 03 2023 17:45:37 GMT+0530 (India Standard Time)
[debug] [2023-03-03T12:15:37.276Z] ----------------------------------------------------------------------
[debug] 
[debug] [2023-03-03T12:15:37.281Z] >>> [apiv2][query] GET https://firebase-public.firebaseio.com/cli.json [none]
[debug] [2023-03-03T12:15:37.324Z] > command requires scopes: ["email","openid","https://www.googleapis.com/auth/cloudplatformprojects.readonly","https://www.googleapis.com/auth/firebase","https://www.googleapis.com/auth/cloud-platform"]
[debug] [2023-03-03T12:15:37.325Z] > authorizing via signed-in user (pavankumaryaragogu116@gmail.com)
[info] 
     ######## #### ########  ######## ########     ###     ######  ########
     ##        ##  ##     ## ##       ##     ##  ##   ##  ##       ##
     ######    ##  ########  ######   ########  #########  ######  ######
     ##        ##  ##    ##  ##       ##     ## ##     ##       ## ##
     ##       #### ##     ## ######## ########  ##     ##  ######  ########

You're about to initialize a Firebase project in this directory:

  C:\Users\pavan\Postman\EthicalBrains\ethical

[debug] [2023-03-03T12:15:39.402Z] <<< [apiv2][status] GET https://firebase-public.firebaseio.com/cli.json 200
[debug] [2023-03-03T12:15:39.402Z] <<< [apiv2][body] GET https://firebase-public.firebaseio.com/cli.json {"cloudBuildErrorAfter":1594252800000,"cloudBuildWarnAfter":1590019200000,"defaultNode10After":1594252800000,"minVersion":"3.0.5","node8DeploysDisabledAfter":1613390400000,"node8RuntimeDisabledAfter":1615809600000,"node8WarnAfter":1600128000000}
